Arguments: 
  /usr/local/bin/node /usr/local/bin/yarn add otenv

PATH: 
  /opt/homebrew/bin:/usr/local/bin:/System/Cryptexes/App/usr/bin:/usr/bin:/bin:/usr/sbin:/sbin:/Library/Apple/usr/bin:/Users/carlosaraiza/.cargo/bin

Yarn version: 
  1.22.15

Node version: 
  17.5.0

Platform: 
  darwin arm64

Trace: 
  Error: https://registry.yarnpkg.com/otenv: Not found
      at Request.params.callback [as _callback] (/usr/local/lib/node_modules/yarn/lib/cli.js:66140:18)
      at Request.self.callback (/usr/local/lib/node_modules/yarn/lib/cli.js:140885:22)
      at Request.emit (node:events:526:28)
      at Request.<anonymous> (/usr/local/lib/node_modules/yarn/lib/cli.js:141857:10)
      at Request.emit (node:events:526:28)
      at IncomingMessage.<anonymous> (/usr/local/lib/node_modules/yarn/lib/cli.js:141779:12)
      at Object.onceWrapper (node:events:645:28)
      at IncomingMessage.emit (node:events:538:35)
      at endReadableNT (node:internal/streams/readable:1342:12)
      at processTicksAndRejections (node:internal/process/task_queues:83:21)

npm manifest: 
  No manifest

yarn manifest: 
  No manifest

Lockfile: 
  No lockfile
